<?xml version="1.0" encoding="UTF-8"?>
<coverage generated="1528606405119" clover="3.2.0">
  <project timestamp="1528606405119" name="All files">
    <metrics statements="5" coveredstatements="4" conditionals="0" coveredconditionals="0" methods="2" coveredmethods="1" elements="7" coveredelements="5" complexity="0" loc="5" ncloc="5" packages="2" files="3" classes="3">
      <package name="client.components">
        <metrics statements="4" coveredstatements="3" conditionals="0" coveredconditionals="0" methods="2" coveredmethods="1"/>
        <file name="AnotherComponent.jsx" path="/Users/x/Documents/rosie-bootcamp/workspace/react-bones/client/components/AnotherComponent.jsx">
          <metrics statements="2" coveredstatements="1" conditionals="0" coveredconditionals="0" methods="1" coveredmethods="0"/>
          <line num="3" count="1" type="stmt"/>
          <line num="4" count="0" type="stmt"/>
        </file>
        <file name="App.jsx" path="/Users/x/Documents/rosie-bootcamp/workspace/react-bones/client/components/App.jsx">
          <metrics statements="2" coveredstatements="2" conditionals="0" coveredconditionals="0" methods="1" coveredmethods="1"/>
          <line num="4" count="1" type="stmt"/>
          <line num="5" count="1" type="stmt"/>
        </file>
      </package>
      <package name="tests">
        <metrics statements="1" coveredstatements="1" conditionals="0" coveredconditionals="0" methods="0" coveredmethods="0"/>
        <file name="setup.js" path="/Users/x/Documents/rosie-bootcamp/workspace/react-bones/tests/setup.js">
          <metrics statements="1" coveredstatements="1" conditionals="0" coveredconditionals="0" methods="0" coveredmethods="0"/>
          <line num="5" count="1" type="stmt"/>
        </file>
      </package>
    </metrics>
  </project>
</coverage>
