{
  "/Users/x/Documents/rosie-bootcamp/workspace/react-bones/client/components/AnotherComponent.jsx": {
    "path":
      "/Users/x/Documents/rosie-bootcamp/workspace/react-bones/client/components/AnotherComponent.jsx",
    "statementMap": {
      "0": {
        "start": { "line": 3, "column": 25 },
        "end": { "line": 11, "column": 1 }
      },
      "1": {
        "start": { "line": 4, "column": 2 },
        "end": { "line": 10, "column": 4 }
      }
    },
    "fnMap": {
      "0": {
        "name": "(anonymous_0)",
        "decl": {
          "start": { "line": 3, "column": 25 },
          "end": { "line": 3, "column": 26 }
        },
        "loc": {
          "start": { "line": 3, "column": 31 },
          "end": { "line": 11, "column": 1 }
        },
        "line": 3
      }
    },
    "branchMap": {},
    "s": { "0": 1, "1": 0 },
    "f": { "0": 0 },
    "b": {},
    "_coverageSchema": "332fd63041d2c1bcb487cc26dd0d5f7d97098a6c",
    "hash": "8c1ebf4cf6e4fbe222d8401f86c9d24fa038644e"
  },
  "/Users/x/Documents/rosie-bootcamp/workspace/react-bones/client/components/App.jsx": {
    "path":
      "/Users/x/Documents/rosie-bootcamp/workspace/react-bones/client/components/App.jsx",
    "statementMap": {
      "0": {
        "start": { "line": 4, "column": 12 },
        "end": { "line": 13, "column": 1 }
      },
      "1": {
        "start": { "line": 5, "column": 2 },
        "end": { "line": 12, "column": 4 }
      }
    },
    "fnMap": {
      "0": {
        "name": "(anonymous_0)",
        "decl": {
          "start": { "line": 4, "column": 12 },
          "end": { "line": 4, "column": 13 }
        },
        "loc": {
          "start": { "line": 4, "column": 18 },
          "end": { "line": 13, "column": 1 }
        },
        "line": 4
      }
    },
    "branchMap": {},
    "s": { "0": 1, "1": 1 },
    "f": { "0": 1 },
    "b": {},
    "_coverageSchema": "332fd63041d2c1bcb487cc26dd0d5f7d97098a6c",
    "hash": "671e9ddfd602fdf60d02f4f445a434d95e46d8e4"
  },
  "/Users/x/Documents/rosie-bootcamp/workspace/react-bones/tests/setup.js": {
    "path":
      "/Users/x/Documents/rosie-bootcamp/workspace/react-bones/tests/setup.js",
    "statementMap": {
      "0": {
        "start": { "line": 5, "column": 0 },
        "end": { "line": 5, "column": 38 }
      }
    },
    "fnMap": {},
    "branchMap": {},
    "s": { "0": 1 },
    "f": {},
    "b": {},
    "_coverageSchema": "332fd63041d2c1bcb487cc26dd0d5f7d97098a6c",
    "hash": "bff55b6c3ad39e1d29e666261b798055ff656088"
  }
}
